{"/home/erez/Documents/github/side_projects/serverless/lighthousebot/envHelpers.js": {"path":"/home/erez/Documents/github/side_projects/serverless/lighthousebot/envHelpers.js","statementMap":{"0":{"start":{"line":4,"column":2},"end":{"line":4,"column":95}},"1":{"start":{"line":9,"column":2},"end":{"line":14,"column":3}},"2":{"start":{"line":10,"column":4},"end":{"line":13,"column":6}},"3":{"start":{"line":17,"column":2},"end":{"line":23,"column":3}},"4":{"start":{"line":18,"column":19},"end":{"line":18,"column":61}},"5":{"start":{"line":19,"column":4},"end":{"line":22,"column":6}},"6":{"start":{"line":25,"column":2},"end":{"line":25,"column":12}},"7":{"start":{"line":30,"column":2},"end":{"line":37,"column":3}},"8":{"start":{"line":31,"column":21},"end":{"line":31,"column":57}},"9":{"start":{"line":32,"column":19},"end":{"line":32,"column":38}},"10":{"start":{"line":33,"column":4},"end":{"line":36,"column":6}},"11":{"start":{"line":40,"column":2},"end":{"line":45,"column":3}},"12":{"start":{"line":41,"column":4},"end":{"line":44,"column":6}},"13":{"start":{"line":47,"column":2},"end":{"line":47,"column":14}},"14":{"start":{"line":50,"column":0},"end":{"line":50,"column":59}}},"fnMap":{"0":{"name":"isInvokedFromPr","decl":{"start":{"line":3,"column":9},"end":{"line":3,"column":24}},"loc":{"start":{"line":3,"column":27},"end":{"line":5,"column":1}},"line":3},"1":{"name":"getPrInfo","decl":{"start":{"line":7,"column":9},"end":{"line":7,"column":18}},"loc":{"start":{"line":7,"column":21},"end":{"line":26,"column":1}},"line":7},"2":{"name":"getRepoInfo","decl":{"start":{"line":28,"column":9},"end":{"line":28,"column":20}},"loc":{"start":{"line":28,"column":23},"end":{"line":48,"column":1}},"line":28}},"branchMap":{"0":{"loc":{"start":{"line":4,"column":9},"end":{"line":4,"column":94}},"type":"binary-expr","locations":[{"start":{"line":4,"column":9},"end":{"line":4,"column":57}},{"start":{"line":4,"column":61},"end":{"line":4,"column":94}}],"line":4},"1":{"loc":{"start":{"line":9,"column":2},"end":{"line":14,"column":3}},"type":"if","locations":[{"start":{"line":9,"column":2},"end":{"line":14,"column":3}},{"start":{"line":9,"column":2},"end":{"line":14,"column":3}}],"line":9},"2":{"loc":{"start":{"line":17,"column":2},"end":{"line":23,"column":3}},"type":"if","locations":[{"start":{"line":17,"column":2},"end":{"line":23,"column":3}},{"start":{"line":17,"column":2},"end":{"line":23,"column":3}}],"line":17},"3":{"loc":{"start":{"line":30,"column":2},"end":{"line":37,"column":3}},"type":"if","locations":[{"start":{"line":30,"column":2},"end":{"line":37,"column":3}},{"start":{"line":30,"column":2},"end":{"line":37,"column":3}}],"line":30},"4":{"loc":{"start":{"line":40,"column":2},"end":{"line":45,"column":3}},"type":"if","locations":[{"start":{"line":40,"column":2},"end":{"line":45,"column":3}},{"start":{"line":40,"column":2},"end":{"line":45,"column":3}}],"line":40}},"s":{"0":4,"1":3,"2":1,"3":2,"4":1,"5":1,"6":1,"7":3,"8":1,"9":1,"10":1,"11":2,"12":1,"13":1,"14":1},"f":{"0":4,"1":3,"2":3},"b":{"0":[4,3],"1":[1,2],"2":[1,1],"3":[1,2],"4":[1,1]},"_coverageSchema":"43e27e138ebf9cfc5966b082cf9a028302ed4184","hash":"b60746ed0aaeaf07bf4ccb270de78a184f7b6336"}
}
