TN:
SF:/home/erez/Documents/github/side_projects/serverless/lighthousebot/envHelpers.js
FN:3,isInvokedFromPr
FN:7,getPrInfo
FN:28,getRepoInfo
FNF:3
FNH:3
FNDA:4,isInvokedFromPr
FNDA:3,getPrInfo
FNDA:3,getRepoInfo
DA:4,4
DA:9,3
DA:10,1
DA:17,2
DA:18,1
DA:19,1
DA:25,1
DA:30,3
DA:31,1
DA:32,1
DA:33,1
DA:40,2
DA:41,1
DA:47,1
DA:50,1
LF:15
LH:15
BRDA:4,0,0,4
BRDA:4,0,1,3
BRDA:9,1,0,1
BRDA:9,1,1,2
BRDA:17,2,0,1
BRDA:17,2,1,1
BRDA:30,3,0,1
BRDA:30,3,1,2
BRDA:40,4,0,1
BRDA:40,4,1,1
BRF:10
BRH:10
end_of_record
